{
  "stats": {
    "suites": 1,
    "tests": 1,
    "passes": 1,
    "pending": 0,
    "failures": 0,
    "start": "2021-02-23T10:03:30.222Z",
    "end": "2021-02-23T10:03:34.633Z",
    "duration": 4411,
    "testsRegistered": 1,
    "passPercent": 100,
    "pendingPercent": 0,
    "other": 0,
    "hasOther": false,
    "skipped": 0,
    "hasSkipped": false
  },
  "results": [
    {
      "uuid": "2cb2a75e-1a03-4750-8dde-f8f0ac7d0266",
      "title": "",
      "fullFile": "cypress/tests/basic_visualRegression.spec.js",
      "file": "cypress/tests/basic_visualRegression.spec.js",
      "beforeHooks": [],
      "afterHooks": [],
      "tests": [],
      "suites": [
        {
          "uuid": "93bfcc1c-cac4-43b8-a251-c0121d708fed",
          "title": "Visuals",
          "fullFile": "",
          "file": "",
          "beforeHooks": [],
          "afterHooks": [],
          "tests": [
            {
              "title": "should compare screenshot from a given element",
              "fullTitle": "Visuals should compare screenshot from a given element",
              "timedOut": null,
              "duration": 2143,
              "state": "passed",
              "speed": "slow",
              "pass": true,
              "fail": false,
              "pending": false,
              "context": null,
              "code": "cy.visit('www.google.com'); //cy.wait(30000)\ncy.get('body img').compareSnapshot('google imgagaaaaa'); //cy.compareSnapshot('google imgagaaaaa', 0.0);",
              "err": {},
              "uuid": "7a277238-6aa3-43b4-9eb7-0d60f0fa54a5",
              "parentUUID": "93bfcc1c-cac4-43b8-a251-c0121d708fed",
              "isHook": false,
              "skipped": false
            }
          ],
          "suites": [],
          "passes": [
            "7a277238-6aa3-43b4-9eb7-0d60f0fa54a5"
          ],
          "failures": [],
          "pending": [],
          "skipped": [],
          "duration": 2143,
          "root": false,
          "rootEmpty": false,
          "_timeout": 2000
        }
      ],
      "passes": [],
      "failures": [],
      "pending": [],
      "skipped": [],
      "duration": 0,
      "root": true,
      "rootEmpty": true,
      "_timeout": 2000
    }
  ],
  "meta": {
    "mocha": {
      "version": "7.0.1"
    },
    "mochawesome": {
      "options": {
        "quiet": false,
        "reportFilename": "mochawesome",
        "saveHtml": false,
        "saveJson": true,
        "consoleReporter": "spec",
        "useInlineDiffs": false,
        "code": true
      },
      "version": "6.2.2"
    },
    "marge": {
      "options": {
        "id": "default",
        "reportDir": "cypress/reports/mocha",
        "quite": true,
        "overwrite": false,
        "html": false,
        "json": true
      },
      "version": "5.2.0"
    }
  }
}