{
  "stats": {
    "suites": 1,
    "tests": 3,
    "passes": 3,
    "pending": 0,
    "failures": 0,
    "start": "2021-02-23T10:04:03.913Z",
    "end": "2021-02-23T10:04:14.261Z",
    "duration": 10348,
    "testsRegistered": 3,
    "passPercent": 100,
    "pendingPercent": 0,
    "other": 0,
    "hasOther": false,
    "skipped": 0,
    "hasSkipped": false
  },
  "results": [
    {
      "uuid": "f5a9e43a-0a59-4c4e-9e32-16404455d3e4",
      "title": "",
      "fullFile": "cypress/tests/cypress_request.spec.js",
      "file": "cypress/tests/cypress_request.spec.js",
      "beforeHooks": [],
      "afterHooks": [],
      "tests": [],
      "suites": [
        {
          "uuid": "447bbd52-e654-4081-a28e-b1f9fb44f95d",
          "title": "Handling HTTP requests in Cypress",
          "fullFile": "",
          "file": "",
          "beforeHooks": [],
          "afterHooks": [],
          "tests": [
            {
              "title": "make an XHR request",
              "fullTitle": "Handling HTTP requests in Cypress make an XHR request",
              "timedOut": null,
              "duration": 3774,
              "state": "passed",
              "speed": "slow",
              "pass": true,
              "fail": false,
              "pending": false,
              "context": null,
              "code": "cy.request('https://jsonplaceholder.cypress.io/comments').should(function (response) {\n  expect(response.status).to.eq(200); // the server sometimes gets an extra comment posted from another machine\n  // which gets returned as 1 extra object\n  expect(response.body).to.have.property('length').and.be.oneOf([500, 501]);\n  expect(response).to.have.property('headers');\n  expect(response).to.have.property('duration');\n});",
              "err": {},
              "uuid": "216cfc99-2e4e-4b4c-ab44-87fd39909bba",
              "parentUUID": "447bbd52-e654-4081-a28e-b1f9fb44f95d",
              "isHook": false,
              "skipped": false
            },
            {
              "title": "verify response using BDD syntax",
              "fullTitle": "Handling HTTP requests in Cypress verify response using BDD syntax",
              "timedOut": null,
              "duration": 2417,
              "state": "passed",
              "speed": "slow",
              "pass": true,
              "fail": false,
              "pending": false,
              "context": null,
              "code": "cy.request('https://jsonplaceholder.cypress.io/comments').then(function (response) {\n  // https://on.cypress.io/assertions\n  expect(response).property('status').to.equal(200);\n  expect(response).property('body').to.have.property('length').and.be.oneOf([500, 501]);\n  expect(response).to.include.keys('headers', 'duration');\n});",
              "err": {},
              "uuid": "a277f488-6d4a-4f3d-95b2-fefe01da3067",
              "parentUUID": "447bbd52-e654-4081-a28e-b1f9fb44f95d",
              "isHook": false,
              "skipped": false
            },
            {
              "title": "cy.request() with query parameters",
              "fullTitle": "Handling HTTP requests in Cypress cy.request() with query parameters",
              "timedOut": null,
              "duration": 1187,
              "state": "passed",
              "speed": "slow",
              "pass": true,
              "fail": false,
              "pending": false,
              "context": null,
              "code": "// will execute request\n// https://jsonplaceholder.cypress.io/comments?postId=1&id=3\ncy.request({\n  url: 'https://jsonplaceholder.cypress.io/comments',\n  qs: {\n    postId: 1,\n    id: 3\n  }\n}).its('body').should('be.an', 'array').and('have.length', 1).its('0') // yields first element of the array\n.should('contain', {\n  postId: 1,\n  id: 3\n});",
              "err": {},
              "uuid": "656b69db-481e-4fb3-a1dc-27fa14201afa",
              "parentUUID": "447bbd52-e654-4081-a28e-b1f9fb44f95d",
              "isHook": false,
              "skipped": false
            }
          ],
          "suites": [],
          "passes": [
            "216cfc99-2e4e-4b4c-ab44-87fd39909bba",
            "a277f488-6d4a-4f3d-95b2-fefe01da3067",
            "656b69db-481e-4fb3-a1dc-27fa14201afa"
          ],
          "failures": [],
          "pending": [],
          "skipped": [],
          "duration": 7378,
          "root": false,
          "rootEmpty": false,
          "_timeout": 2000
        }
      ],
      "passes": [],
      "failures": [],
      "pending": [],
      "skipped": [],
      "duration": 0,
      "root": true,
      "rootEmpty": true,
      "_timeout": 2000
    }
  ],
  "meta": {
    "mocha": {
      "version": "7.0.1"
    },
    "mochawesome": {
      "options": {
        "quiet": false,
        "reportFilename": "mochawesome",
        "saveHtml": false,
        "saveJson": true,
        "consoleReporter": "spec",
        "useInlineDiffs": false,
        "code": true
      },
      "version": "6.2.2"
    },
    "marge": {
      "options": {
        "id": "default",
        "reportDir": "cypress/reports/mocha",
        "quite": true,
        "overwrite": false,
        "html": false,
        "json": true
      },
      "version": "5.2.0"
    }
  }
}